  Behavior.cpp
C:\Users\tycbe\Documents\aiforgames\student-materials\Assignments\Ex0 - Fundamentals of AI\Source\WumpusWorld\BehaviorTree\Behavior.h(12,19): error C7568: argument list missing after assumed function template 'TreeNode'
C:\Users\tycbe\Documents\aiforgames\student-materials\Assignments\Ex0 - Fundamentals of AI\Source\WumpusWorld\BehaviorTree\Behavior.h(13,2): error C3770: 'unknown-type': is not a valid base class
C:\Users\tycbe\Documents\aiforgames\student-materials\Assignments\Ex0 - Fundamentals of AI\Source\WumpusWorld\BehaviorTree\Behavior.h(30,41): error C2653: 'TreeNode': is not a class or namespace name
C:\Users\tycbe\Documents\aiforgames\student-materials\Assignments\Ex0 - Fundamentals of AI\Source\WumpusWorld\BehaviorTree\Behavior.h(30,51): error C2662: 'const char *ufl_cap4053::fundamentals::Behavior::getData(void)': cannot convert 'this' pointer from 'const ufl_cap4053::fundamentals::Behavior' to 'ufl_cap4053::fundamentals::Behavior &'
C:\Users\tycbe\Documents\aiforgames\student-materials\Assignments\Ex0 - Fundamentals of AI\Source\WumpusWorld\BehaviorTree\Behavior.h(30,51): message : Conversion loses qualifiers
C:\Users\tycbe\Documents\aiforgames\student-materials\Assignments\Ex0 - Fundamentals of AI\Source\WumpusWorld\BehaviorTree\Behavior.h(36,15): message : see declaration of 'ufl_cap4053::fundamentals::Behavior::getData'
C:\Users\tycbe\Documents\aiforgames\student-materials\Assignments\Ex0 - Fundamentals of AI\Source\WumpusWorld\BehaviorTree\Behavior.h(30,51): message : while trying to match the argument list '()'
C:\Users\tycbe\Documents\aiforgames\student-materials\Assignments\Ex0 - Fundamentals of AI\Source\WumpusWorld\BehaviorTree\Behavior.h(35,46): error C2653: 'TreeNode': is not a class or namespace name
C:\Users\tycbe\Documents\aiforgames\student-materials\Assignments\Ex0 - Fundamentals of AI\Source\WumpusWorld\BehaviorTree\Behavior.h(36,34): error C2653: 'TreeNode': is not a class or namespace name
C:\Users\tycbe\Documents\aiforgames\student-materials\Assignments\Ex0 - Fundamentals of AI\Source\WumpusWorld\BehaviorTree\Behavior.h(43,56): error C2653: 'TreeNode': is not a class or namespace name
C:\Users\tycbe\Documents\aiforgames\student-materials\Assignments\Ex0 - Fundamentals of AI\Source\WumpusWorld\BehaviorTree\Behavior.h(44,74): error C2653: 'TreeNode': is not a class or namespace name
C:\Users\tycbe\Documents\aiforgames\student-materials\Assignments\Ex0 - Fundamentals of AI\Source\WumpusWorld\BehaviorTree\Behavior.h(49,65): error C2653: 'TreeNode': is not a class or namespace name
C:\Users\tycbe\Documents\aiforgames\student-materials\Assignments\Ex0 - Fundamentals of AI\Source\WumpusWorld\BehaviorTree\Behavior.h(54,36): error C2653: 'TreeNode': is not a class or namespace name
C:\Users\tycbe\Documents\aiforgames\student-materials\Assignments\Ex0 - Fundamentals of AI\Source\WumpusWorld\BehaviorTree\Behavior.h(66,87): error C2653: 'TreeNode': is not a class or namespace name
C:\Users\tycbe\Documents\aiforgames\student-materials\Assignments\Ex0 - Fundamentals of AI\Source\WumpusWorld\BehaviorTree\Behavior.h(66,66): error C2903: 'TreeNode': symbol is neither a class template nor a function template
C:\Users\tycbe\Documents\aiforgames\student-materials\Assignments\Ex0 - Fundamentals of AI\Source\WumpusWorld\BehaviorTree\Behavior.h(74,84): error C2653: 'TreeNode': is not a class or namespace name
C:\Users\tycbe\Documents\aiforgames\student-materials\Assignments\Ex0 - Fundamentals of AI\Source\WumpusWorld\BehaviorTree\Behavior.h(74,63): error C2903: 'TreeNode': symbol is neither a class template nor a function template
C:\Users\tycbe\Documents\aiforgames\student-materials\Assignments\Ex0 - Fundamentals of AI\Source\WumpusWorld\BehaviorTree\Behavior.h(82,84): error C2653: 'TreeNode': is not a class or namespace name
C:\Users\tycbe\Documents\aiforgames\student-materials\Assignments\Ex0 - Fundamentals of AI\Source\WumpusWorld\BehaviorTree\Behavior.h(82,63): error C2903: 'TreeNode': symbol is neither a class template nor a function template
C:\Users\tycbe\Documents\aiforgames\student-materials\Assignments\Ex0 - Fundamentals of AI\Source\WumpusWorld\BehaviorTree\Behavior.cpp(24,49): error C2614: 'ufl_cap4053::fundamentals::Behavior': illegal member initialization: 'TreeNode' is not a base or member
  Agent.cpp
C:\Users\tycbe\Documents\aiforgames\student-materials\Assignments\Ex0 - Fundamentals of AI\Source\WumpusWorld\BehaviorTree\Behavior.h(12,19): error C7568: argument list missing after assumed function template 'TreeNode'
C:\Users\tycbe\Documents\aiforgames\student-materials\Assignments\Ex0 - Fundamentals of AI\Source\WumpusWorld\BehaviorTree\Behavior.h(13,2): error C3770: 'unknown-type': is not a valid base class
C:\Users\tycbe\Documents\aiforgames\student-materials\Assignments\Ex0 - Fundamentals of AI\Source\WumpusWorld\BehaviorTree\Behavior.h(30,41): error C2653: 'TreeNode': is not a class or namespace name
C:\Users\tycbe\Documents\aiforgames\student-materials\Assignments\Ex0 - Fundamentals of AI\Source\WumpusWorld\BehaviorTree\Behavior.h(30,51): error C2662: 'const char *ufl_cap4053::fundamentals::Behavior::getData(void)': cannot convert 'this' pointer from 'const ufl_cap4053::fundamentals::Behavior' to 'ufl_cap4053::fundamentals::Behavior &'
C:\Users\tycbe\Documents\aiforgames\student-materials\Assignments\Ex0 - Fundamentals of AI\Source\WumpusWorld\BehaviorTree\Behavior.h(30,51): message : Conversion loses qualifiers
C:\Users\tycbe\Documents\aiforgames\student-materials\Assignments\Ex0 - Fundamentals of AI\Source\WumpusWorld\BehaviorTree\Behavior.h(36,15): message : see declaration of 'ufl_cap4053::fundamentals::Behavior::getData'
C:\Users\tycbe\Documents\aiforgames\student-materials\Assignments\Ex0 - Fundamentals of AI\Source\WumpusWorld\BehaviorTree\Behavior.h(30,51): message : while trying to match the argument list '()'
C:\Users\tycbe\Documents\aiforgames\student-materials\Assignments\Ex0 - Fundamentals of AI\Source\WumpusWorld\BehaviorTree\Behavior.h(35,46): error C2653: 'TreeNode': is not a class or namespace name
C:\Users\tycbe\Documents\aiforgames\student-materials\Assignments\Ex0 - Fundamentals of AI\Source\WumpusWorld\BehaviorTree\Behavior.h(36,34): error C2653: 'TreeNode': is not a class or namespace name
C:\Users\tycbe\Documents\aiforgames\student-materials\Assignments\Ex0 - Fundamentals of AI\Source\WumpusWorld\BehaviorTree\Behavior.h(43,56): error C2653: 'TreeNode': is not a class or namespace name
C:\Users\tycbe\Documents\aiforgames\student-materials\Assignments\Ex0 - Fundamentals of AI\Source\WumpusWorld\BehaviorTree\Behavior.h(44,74): error C2653: 'TreeNode': is not a class or namespace name
C:\Users\tycbe\Documents\aiforgames\student-materials\Assignments\Ex0 - Fundamentals of AI\Source\WumpusWorld\BehaviorTree\Behavior.h(49,65): error C2653: 'TreeNode': is not a class or namespace name
C:\Users\tycbe\Documents\aiforgames\student-materials\Assignments\Ex0 - Fundamentals of AI\Source\WumpusWorld\BehaviorTree\Behavior.h(54,36): error C2653: 'TreeNode': is not a class or namespace name
C:\Users\tycbe\Documents\aiforgames\student-materials\Assignments\Ex0 - Fundamentals of AI\Source\WumpusWorld\BehaviorTree\Behavior.h(66,87): error C2653: 'TreeNode': is not a class or namespace name
C:\Users\tycbe\Documents\aiforgames\student-materials\Assignments\Ex0 - Fundamentals of AI\Source\WumpusWorld\BehaviorTree\Behavior.h(66,66): error C2903: 'TreeNode': symbol is neither a class template nor a function template
C:\Users\tycbe\Documents\aiforgames\student-materials\Assignments\Ex0 - Fundamentals of AI\Source\WumpusWorld\BehaviorTree\Behavior.h(74,84): error C2653: 'TreeNode': is not a class or namespace name
C:\Users\tycbe\Documents\aiforgames\student-materials\Assignments\Ex0 - Fundamentals of AI\Source\WumpusWorld\BehaviorTree\Behavior.h(74,63): error C2903: 'TreeNode': symbol is neither a class template nor a function template
C:\Users\tycbe\Documents\aiforgames\student-materials\Assignments\Ex0 - Fundamentals of AI\Source\WumpusWorld\BehaviorTree\Behavior.h(82,84): error C2653: 'TreeNode': is not a class or namespace name
C:\Users\tycbe\Documents\aiforgames\student-materials\Assignments\Ex0 - Fundamentals of AI\Source\WumpusWorld\BehaviorTree\Behavior.h(82,63): error C2903: 'TreeNode': symbol is neither a class template nor a function template
  Behaviors.cpp
C:\Users\tycbe\Documents\aiforgames\student-materials\Assignments\Ex0 - Fundamentals of AI\Source\WumpusWorld\BehaviorTree\Behavior.h(12,19): error C7568: argument list missing after assumed function template 'TreeNode'
C:\Users\tycbe\Documents\aiforgames\student-materials\Assignments\Ex0 - Fundamentals of AI\Source\WumpusWorld\BehaviorTree\Behavior.h(13,2): error C3770: 'unknown-type': is not a valid base class
C:\Users\tycbe\Documents\aiforgames\student-materials\Assignments\Ex0 - Fundamentals of AI\Source\WumpusWorld\BehaviorTree\Behavior.h(30,41): error C2653: 'TreeNode': is not a class or namespace name
C:\Users\tycbe\Documents\aiforgames\student-materials\Assignments\Ex0 - Fundamentals of AI\Source\WumpusWorld\BehaviorTree\Behavior.h(30,51): error C2662: 'const char *ufl_cap4053::fundamentals::Behavior::getData(void)': cannot convert 'this' pointer from 'const ufl_cap4053::fundamentals::Behavior' to 'ufl_cap4053::fundamentals::Behavior &'
C:\Users\tycbe\Documents\aiforgames\student-materials\Assignments\Ex0 - Fundamentals of AI\Source\WumpusWorld\BehaviorTree\Behavior.h(30,51): message : Conversion loses qualifiers
C:\Users\tycbe\Documents\aiforgames\student-materials\Assignments\Ex0 - Fundamentals of AI\Source\WumpusWorld\BehaviorTree\Behavior.h(36,15): message : see declaration of 'ufl_cap4053::fundamentals::Behavior::getData'
C:\Users\tycbe\Documents\aiforgames\student-materials\Assignments\Ex0 - Fundamentals of AI\Source\WumpusWorld\BehaviorTree\Behavior.h(30,51): message : while trying to match the argument list '()'
C:\Users\tycbe\Documents\aiforgames\student-materials\Assignments\Ex0 - Fundamentals of AI\Source\WumpusWorld\BehaviorTree\Behavior.h(35,46): error C2653: 'TreeNode': is not a class or namespace name
C:\Users\tycbe\Documents\aiforgames\student-materials\Assignments\Ex0 - Fundamentals of AI\Source\WumpusWorld\BehaviorTree\Behavior.h(36,34): error C2653: 'TreeNode': is not a class or namespace name
C:\Users\tycbe\Documents\aiforgames\student-materials\Assignments\Ex0 - Fundamentals of AI\Source\WumpusWorld\BehaviorTree\Behavior.h(43,56): error C2653: 'TreeNode': is not a class or namespace name
C:\Users\tycbe\Documents\aiforgames\student-materials\Assignments\Ex0 - Fundamentals of AI\Source\WumpusWorld\BehaviorTree\Behavior.h(44,74): error C2653: 'TreeNode': is not a class or namespace name
C:\Users\tycbe\Documents\aiforgames\student-materials\Assignments\Ex0 - Fundamentals of AI\Source\WumpusWorld\BehaviorTree\Behavior.h(49,65): error C2653: 'TreeNode': is not a class or namespace name
C:\Users\tycbe\Documents\aiforgames\student-materials\Assignments\Ex0 - Fundamentals of AI\Source\WumpusWorld\BehaviorTree\Behavior.h(54,36): error C2653: 'TreeNode': is not a class or namespace name
C:\Users\tycbe\Documents\aiforgames\student-materials\Assignments\Ex0 - Fundamentals of AI\Source\WumpusWorld\BehaviorTree\Behavior.h(66,87): error C2653: 'TreeNode': is not a class or namespace name
C:\Users\tycbe\Documents\aiforgames\student-materials\Assignments\Ex0 - Fundamentals of AI\Source\WumpusWorld\BehaviorTree\Behavior.h(66,66): error C2903: 'TreeNode': symbol is neither a class template nor a function template
C:\Users\tycbe\Documents\aiforgames\student-materials\Assignments\Ex0 - Fundamentals of AI\Source\WumpusWorld\BehaviorTree\Behavior.h(74,84): error C2653: 'TreeNode': is not a class or namespace name
C:\Users\tycbe\Documents\aiforgames\student-materials\Assignments\Ex0 - Fundamentals of AI\Source\WumpusWorld\BehaviorTree\Behavior.h(74,63): error C2903: 'TreeNode': symbol is neither a class template nor a function template
C:\Users\tycbe\Documents\aiforgames\student-materials\Assignments\Ex0 - Fundamentals of AI\Source\WumpusWorld\BehaviorTree\Behavior.h(82,84): error C2653: 'TreeNode': is not a class or namespace name
C:\Users\tycbe\Documents\aiforgames\student-materials\Assignments\Ex0 - Fundamentals of AI\Source\WumpusWorld\BehaviorTree\Behavior.h(82,63): error C2903: 'TreeNode': symbol is neither a class template nor a function template
  Game.cpp
C:\Users\tycbe\Documents\aiforgames\student-materials\Assignments\Ex0 - Fundamentals of AI\Source\WumpusWorld\BehaviorTree\Behavior.h(12,19): error C7568: argument list missing after assumed function template 'TreeNode'
C:\Users\tycbe\Documents\aiforgames\student-materials\Assignments\Ex0 - Fundamentals of AI\Source\WumpusWorld\BehaviorTree\Behavior.h(13,2): error C3770: 'unknown-type': is not a valid base class
C:\Users\tycbe\Documents\aiforgames\student-materials\Assignments\Ex0 - Fundamentals of AI\Source\WumpusWorld\BehaviorTree\Behavior.h(30,41): error C2653: 'TreeNode': is not a class or namespace name
C:\Users\tycbe\Documents\aiforgames\student-materials\Assignments\Ex0 - Fundamentals of AI\Source\WumpusWorld\BehaviorTree\Behavior.h(30,51): error C2662: 'const char *ufl_cap4053::fundamentals::Behavior::getData(void)': cannot convert 'this' pointer from 'const ufl_cap4053::fundamentals::Behavior' to 'ufl_cap4053::fundamentals::Behavior &'
C:\Users\tycbe\Documents\aiforgames\student-materials\Assignments\Ex0 - Fundamentals of AI\Source\WumpusWorld\BehaviorTree\Behavior.h(30,51): message : Conversion loses qualifiers
C:\Users\tycbe\Documents\aiforgames\student-materials\Assignments\Ex0 - Fundamentals of AI\Source\WumpusWorld\BehaviorTree\Behavior.h(36,15): message : see declaration of 'ufl_cap4053::fundamentals::Behavior::getData'
C:\Users\tycbe\Documents\aiforgames\student-materials\Assignments\Ex0 - Fundamentals of AI\Source\WumpusWorld\BehaviorTree\Behavior.h(30,51): message : while trying to match the argument list '()'
C:\Users\tycbe\Documents\aiforgames\student-materials\Assignments\Ex0 - Fundamentals of AI\Source\WumpusWorld\BehaviorTree\Behavior.h(35,46): error C2653: 'TreeNode': is not a class or namespace name
C:\Users\tycbe\Documents\aiforgames\student-materials\Assignments\Ex0 - Fundamentals of AI\Source\WumpusWorld\BehaviorTree\Behavior.h(36,34): error C2653: 'TreeNode': is not a class or namespace name
C:\Users\tycbe\Documents\aiforgames\student-materials\Assignments\Ex0 - Fundamentals of AI\Source\WumpusWorld\BehaviorTree\Behavior.h(43,56): error C2653: 'TreeNode': is not a class or namespace name
C:\Users\tycbe\Documents\aiforgames\student-materials\Assignments\Ex0 - Fundamentals of AI\Source\WumpusWorld\BehaviorTree\Behavior.h(44,74): error C2653: 'TreeNode': is not a class or namespace name
C:\Users\tycbe\Documents\aiforgames\student-materials\Assignments\Ex0 - Fundamentals of AI\Source\WumpusWorld\BehaviorTree\Behavior.h(49,65): error C2653: 'TreeNode': is not a class or namespace name
C:\Users\tycbe\Documents\aiforgames\student-materials\Assignments\Ex0 - Fundamentals of AI\Source\WumpusWorld\BehaviorTree\Behavior.h(54,36): error C2653: 'TreeNode': is not a class or namespace name
C:\Users\tycbe\Documents\aiforgames\student-materials\Assignments\Ex0 - Fundamentals of AI\Source\WumpusWorld\BehaviorTree\Behavior.h(66,87): error C2653: 'TreeNode': is not a class or namespace name
C:\Users\tycbe\Documents\aiforgames\student-materials\Assignments\Ex0 - Fundamentals of AI\Source\WumpusWorld\BehaviorTree\Behavior.h(66,66): error C2903: 'TreeNode': symbol is neither a class template nor a function template
C:\Users\tycbe\Documents\aiforgames\student-materials\Assignments\Ex0 - Fundamentals of AI\Source\WumpusWorld\BehaviorTree\Behavior.h(74,84): error C2653: 'TreeNode': is not a class or namespace name
C:\Users\tycbe\Documents\aiforgames\student-materials\Assignments\Ex0 - Fundamentals of AI\Source\WumpusWorld\BehaviorTree\Behavior.h(74,63): error C2903: 'TreeNode': symbol is neither a class template nor a function template
C:\Users\tycbe\Documents\aiforgames\student-materials\Assignments\Ex0 - Fundamentals of AI\Source\WumpusWorld\BehaviorTree\Behavior.h(82,84): error C2653: 'TreeNode': is not a class or namespace name
C:\Users\tycbe\Documents\aiforgames\student-materials\Assignments\Ex0 - Fundamentals of AI\Source\WumpusWorld\BehaviorTree\Behavior.h(82,63): error C2903: 'TreeNode': symbol is neither a class template nor a function template
  Generating Code...
